GAS LISTING /tmp/ccAayPIT.s 			page 1


   1              		.file	"hello.c"
   2              		.text
   3              		.section	.rodata
   4              	.LC0:
   5 0000 48656C6C 		.string	"Hello, Anarchy Foxy World!"
   5      6F2C2041 
   5      6E617263 
   5      68792046 
   5      6F787920 
   6              	.LC1:
   7 001b 49742069 		.string	"It is time for Embedded C"
   7      73207469 
   7      6D652066 
   7      6F722045 
   7      6D626564 
   8              	.LC2:
   9 0035 0A546875 		.string	"\nThus spoke Anarchy Foxy"
   9      73207370 
   9      6F6B6520 
   9      416E6172 
   9      63687920 
  10              		.text
  11              		.globl	main
  12              		.type	main, @function
  13              	main:
  14              	.LFB0:
  15              		.cfi_startproc
  16 0000 55       		pushq	%rbp
  17              		.cfi_def_cfa_offset 16
  18              		.cfi_offset 6, -16
  19 0001 4889E5   		movq	%rsp, %rbp
  20              		.cfi_def_cfa_register 6
  21 0004 BF000000 		movl	$.LC0, %edi
  21      00
  22 0009 E8000000 		call	puts
  22      00
  23 000e BF000000 		movl	$.LC1, %edi
  23      00
  24 0013 E8000000 		call	puts
  24      00
  25 0018 BF000000 		movl	$.LC2, %edi
  25      00
  26 001d E8000000 		call	puts
  26      00
  27 0022 B8000000 		movl	$0, %eax
  27      00
  28 0027 5D       		popq	%rbp
  29              		.cfi_def_cfa 7, 8
  30 0028 C3       		ret
  31              		.cfi_endproc
  32              	.LFE0:
  33              		.size	main, .-main
  34              		.ident	"GCC: (SUSE Linux) 13.1.1 20230522 [revision dd36656ada05731c069ecd5b1878380294fb1f3e]"
  35              		.section	.note.GNU-stack,"",@progbits
GAS LISTING /tmp/ccAayPIT.s 			page 2


DEFINED SYMBOLS
                            *ABS*:0000000000000000 hello.c
     /tmp/ccAayPIT.s:13     .text:0000000000000000 main

UNDEFINED SYMBOLS
puts
